[35m[Appium][39m Welcome to Appium v1.22.3
[35m[Appium][39m Non-default server args:
[35m[Appium][39m   port: 57419
[35m[Appium][39m   loglevel: info
[35m[Appium][39m   tmpDir: C:\Users\Pruebas\AppData\Local\Temp\\Katalon\Appium\Temp1697129960664
[35m[Appium][39m   chromedriverPort: 57421
[35m[Appium][39m Deprecated server args:
[35m[Appium][39m   [31m--chromedriver-port[39m => --default-capabilities
[35m[Appium][39m Default capabilities, which will be added to each request unless overridden by desired capabilities:
[35m[Appium][39m   chromedriverPort: 57421
[35m[Appium][39m Appium REST http interface listener started on 0.0.0.0:57419
[35m[HTTP][39m [37m-->[39m [37mGET[39m [37m/wd/hub/status[39m
[35m[HTTP][39m [90m{}[39m
[35m[HTTP][39m [37m<-- GET /wd/hub/status [39m[32m200[39m [90m10 ms - 68[39m
[35m[HTTP][39m [90m[39m
[35m[HTTP][39m [37m-->[39m [37mGET[39m [37m/wd/hub/status[39m
[35m[HTTP][39m [90m{}[39m
[35m[HTTP][39m [37m<-- GET /wd/hub/status [39m[32m200[39m [90m3 ms - 68[39m
[35m[HTTP][39m [90m[39m
[35m[HTTP][39m [37m-->[39m [37mPOST[39m [37m/wd/hub/session[39m
[35m[HTTP][39m [90m{"desiredCapabilities":{"app":"C:\\Users\\Pruebas\\Katalon Studio\\POC_KATALON_ANDROID_LACOMER\\Apks\\LaComer_14.9.1.apk","noReset":true,"deviceName":"emulator-5554 (sdk_gphone64_x86_64 - Android 12)","fullReset":false,"platform":"ANDROID","newCommandTimeout":1800,"platformVersion":"12","automationName":"uiautomator2","autoGrantPermissions":true,"platformName":"Android","udid":"emulator-5554","systemPort":57449},"capabilities":{"firstMatch":[{"appium:app":"C:\\Users\\Pruebas\\Katalon Studio\\POC_KATALON_ANDROID_LACOMER\\Apks\\LaComer_14.9.1.apk","appium:autoGrantPermissions":true,"appium:automationName":"uiautomator2","appium:deviceName":"emulator-5554 (sdk_gphone64_x86_64 - Android 12)","appium:fullReset":false,"appium:newCommandTimeout":1800,"appium:noReset":true,"platform":"ANDROID","platformName":"android","appium:platformVersion":"12","appium:systemPort":57449,"appium:udid":"emulator-5554"}]}}[39m
[35m[BaseDriver][39m The following capabilities are not standard capabilities and should have an extension prefix:
[35m[BaseDriver][39m   platform
[35m[BaseDriver][39m   chromedriverPort
[35m[Appium][39m Appium v1.22.3 creating new AndroidUiautomator2Driver (v1.70.1) session
[35m[BaseDriver][39m The following capabilities were provided, but are not recognized by Appium:
[35m[BaseDriver][39m   platform
[35m[BaseDriver][39m Session created with session id: 54cf9e2e-7208-415a-89c2-b90ce375de01
[35m[BaseDriver][39m Using local app 'C:\Users\Pruebas\Katalon Studio\POC_KATALON_ANDROID_LACOMER\Apks\LaComer_14.9.1.apk'
[35m[ADB][39m Found 1 'build-tools' folders under 'C:\Users\Pruebas\.katalon\tools\android_sdk' (newest first):
[35m[ADB][39m     C:/Users/Pruebas/.katalon/tools/android_sdk/build-tools/29.0.3
[35m[ADB][39m Using 'adb.exe' from 'C:\Users\Pruebas\.katalon\tools\android_sdk\platform-tools\adb.exe'
[35m[AndroidDriver][39m Retrieving device list
[35m[AndroidDriver][39m Using device: emulator-5554
[35m[ADB][39m Using 'adb.exe' from 'C:\Users\Pruebas\.katalon\tools\android_sdk\platform-tools\adb.exe'
[35m[ADB][39m Getting device platform version
[35m[UiAutomator2][39m Relaxing hidden api policy
[35m[ADB][39m Package name: 'com.LaComerApp'
[35m[ADB][39m Main activity name: 'com.genexus.android.core.activities.StartupActivity'
[35m[ADB][39m Using 'apksigner.jar' from 'C:\Users\Pruebas\.katalon\tools\android_sdk\build-tools\29.0.3\lib\apksigner.jar'
[35m[ADB][39m 'C:\Users\Pruebas\AppData\Roaming\npm\node_modules\appium\node_modules\appium-uiautomator2-server\apks\appium-uiautomator2-server-v4.27.0.apk' is signed with the default certificate
[35m[ADB][39m 'C:\Users\Pruebas\AppData\Roaming\npm\node_modules\appium\node_modules\appium-uiautomator2-server\apks\appium-uiautomator2-server-debug-androidTest.apk' is signed with the default certificate
[35m[UiAutomator2][39m Server packages are not going to be (re)installed
[35m[ADB][39m Adding packages ["io.appium.settings","io.appium.uiautomator2.server","io.appium.uiautomator2.server.test"] to Doze whitelist
[35m[ADB][39m 'C:\Users\Pruebas\Katalon Studio\POC_KATALON_ANDROID_LACOMER\Apks\LaComer_14.9.1.apk' is signed with a non-default certificate
[35m[ADB][39m The application at 'C:\Users\Pruebas\Katalon Studio\POC_KATALON_ANDROID_LACOMER\Apks\LaComer_14.9.1.apk' will not be cached, because the device under test has confirmed the support of streamed installs
[35m[ADB][39m The installation of 'LaComer_14.9.1.apk' took 20478ms
[35m[UiAutomator2][39m Starting UIAutomator2 server 4.27.0
[35m[UiAutomator2][39m Using UIAutomator2 server from 'C:\Users\Pruebas\AppData\Roaming\npm\node_modules\appium\node_modules\appium-uiautomator2-server\apks\appium-uiautomator2-server-v4.27.0.apk' and test from 'C:\Users\Pruebas\AppData\Roaming\npm\node_modules\appium\node_modules\appium-uiautomator2-server\apks\appium-uiautomator2-server-debug-androidTest.apk'
[35m[UiAutomator2][39m Waiting up to 30000ms for UiAutomator2 to be online...
[35m[WD Proxy][39m socket hang up
[35m[WD Proxy][39m socket hang up
[35m[WD Proxy][39m socket hang up
[35m[WD Proxy][39m socket hang up
[35m[WD Proxy][39m socket hang up
[35m[WD Proxy][39m socket hang up
[35m[WD Proxy][39m socket hang up
[35m[WD Proxy][39m socket hang up
[35m[WD Proxy][39m Determined the downstream protocol as 'W3C'
[35m[AndroidDriver][39m Screen already unlocked, doing nothing
[35m[UiAutomator2][39m Starting 'com.LaComerApp/com.genexus.android.core.activities.StartupActivity and waiting for 'com.LaComerApp/com.genexus.android.core.activities.StartupActivity'
[35m[Appium][39m New AndroidUiautomator2Driver session created successfully, session 54cf9e2e-7208-415a-89c2-b90ce375de01 ad[35m[BaseDriver][39m Shutting down because we waited 1800 seconds for a command
[35m[Appium][39m Closing session, cause was 'New Command Timeout of 1800 seconds expired. Try customizing the timeout using the 'newCommandTimeout' desired capability'
[35m[Appium][39m Removing session '325d00ff-117c-4267-b5a5-c85380058d34' from our master session list
[35m[UiAutomator2][39m Did not get confirmation UiAutomator2 deleteSession worked; Error was: UnknownError: An unknown server-side error occurred while processing the command. Original error: 'DELETE /' cannot be proxied to UiAutomator2 server because the instrumentation process is not running (probably crashed). Check the server log and/or the logcat output for more details
[35m[UiAutomator2][39m Unable to force stop app: Error executing adbExec. Original error: 'Command 'C:\\Users\\Pruebas\\.katalon\\tools\\android_sdk\\platform-tools\\adb.exe -P 5037 -s emulator-5554 shell am force-stop com.LaComerApp' exited with code 1'; Command output: * daemon not running; starting now at tcp:5037
[35m[UiAutomator2][39m * daemon started successfully
[35m[UiAutomator2][39m error: device offline
[35m[UiAutomator2][39m 
[35m[UiAutomator2][39m Unable to remove system port forward: Error executing adbExec. Original error: 'Command 'C:\\Users\\Pruebas\\.katalon\\tools\\android_sdk\\platform-tools\\adb.exe -P 5037 -s emulator-5554 forward --remove tcp\:54815' exited with code 1'; Command output: adb.exe: error: device still authorizing
[35m[UiAutomator2][39m 
[35m[UiAutomator2][39m Restoring hidden api policy to the device default configuration
[35m[HTTP][39m [37m<-- GET /wd/hub/session/54cf9e2e-7208-415a-89c2-b90ce375de01/source [39m[32m200[39m [90m533 ms - 2727[39m
[35m[HTTP][39m [90m[39m
[35m[HTTP][39m [37m-->[39m [37mGET[39m [37m/wd/hub/session/54cf9e2e-7208-415a-89c2-b90ce375de01/screenshot[39m
[35m[HTTP][39m [90m{}[39m
[35m[HTTP][39m [37m<-- GET /wd/hub/session/54cf9e2e-7208-415a-89c2-b90ce375de01/screenshot [39m[32m200[39m [90m3256 ms - 2280294[39m
[35m[HTTP][39m [90m[39m
[35m[HTTP][39m [37m-->[39m [37mGET[39m [37m/wd/hub/session/54cf9e2e-7208-415a-89c2-b90ce375de01/source[39m
[35m[HTTP][39m [90m{}[39m
[35m[W3C (54cf9e2e)][39m Driver proxy active, passing request on via HTTP proxy
[35m[WD Proxy][39m Replacing sessionId 41e5b905-343c-4cee-a88b-9aa7310c1f27 with 54cf9e2e-7208-415a-89c2-b90ce375de01
[35m[HTTP][39m [37m<-- GET /wd/hub/session/54cf9e2e-7208-415a-89c2-b90ce375de01/source [39m[32m200[39m [90m819 ms - 97835[39m
[35m[HTTP][39m [90m[39m
[35m[HTTP][39m [37m-->[39m [37mGET[39m [37m/wd/hub/session/54cf9e2e-7208-415a-89c2-b90ce375de01/screenshot[39m
[35m[HTTP][39m [90m{}[39m
[35m[HTTP][39m [37m<-- GET /wd/hub/session/54cf9e2e-7208-415a-89c2-b90ce375de01/screenshot [39m[32m200[39m [90m1412 ms - 379840[39m
[35m[HTTP][39m [90m[39m
[35m[HTTP][39m [37m-->[39m [37mGET[39m [37m/wd/hub/session/54cf9e2e-7208-415a-89c2-b90ce375de01/source[39m
[35m[HTTP][39m [90m{}[39m
[35m[W3C (54cf9e2e)][39m Driver proxy active, passing request on via HTTP proxy
[35m[WD Proxy][39m Replacing sessionId 41e5b905-343c-4cee-a88b-9aa7310c1f27 with 54cf9e2e-7208-415a-89c2-b90ce375de01
[35m[HTTP][39m [37m<-- GET /wd/hub/session/54cf9e2e-7208-415a-89c2-b90ce375de01/source [39m[32m200[39m [90m416 ms - 151969[39m
[35m[HTTP][39m [90m[39m
[35m[HTTP][39m [37m-->[39m [37mGET[39m [37m/wd/hub/session/54cf9e2e-7208-415a-89c2-b90ce375de01/screenshot[39m
[35m[HTTP][39m [90m{}[39m
[35m[HTTP][39m [37m<-- GET /wd/hub/session/54cf9e2e-7208-415a-89c2-b90ce375de01/screenshot [39m[32m200[39m [90m712 ms - 285538[39m
[35m[HTTP][39m [90m[39m
[35m[HTTP][39m [37m-->[39m [37mPOST[39m [37m/wd/hub/session/54cf9e2e-7208-415a-89c2-b90ce375de01/elements[39m
[35m[HTTP][39m [90m{"using":"xpath","value":"//*[@class = 'android.widget.TextView' and (@text = 'GRATIS' or . = 'GRATIS')]"}[39m
[35m[HTTP][39m [37m<-- POST /wd/hub/session/54cf9e2e-7208-415a-89c2-b90ce375de01/elements [39m[32m200[39m [90m957 ms - 1035[39m
[35m[HTTP][39m [90m[39m
[35m[HTTP][39m [37m-->[39m [37mPOST[39m [37m/wd/hub/session/54cf9e2e-7208-415a-89c2-b90ce375de01/elements[39m
[35m[HTTP][39m [90m{"using":"-android uiautomator","value":"new UiSelector().className(\"android.widget.TextView\").text(\"GRATIS\")"}[39m
[35m[HTTP][39m [37m<-- POST /wd/hub/session/54cf9e2e-7208-415a-89c2-b90ce375de01/elements [39m[32m200[39m [90m698 ms - 1035[39m
[35m[HTTP][39m [90m[39m
[35m[HTTP][39m [37m-->[39m [37mPOST[39m [37m/wd/hub/session/54cf9e2e-7208-415a-89c2-b90ce375de01/timeouts[39m
[35m[HTTP][39m [90m{"implicit":1000}[39m
[35m[HTTP][39m [37m<-- POST /wd/hub/session/54cf9e2e-7208-415a-89c2-b90ce375de01/timeouts [39m[32m200[39m [90m1 ms - 14[39m
[35m[HTTP][39m [90m[39m
[35m[HTTP][39m [37m-->[39m [37mPOST[39m [37m/wd/hub/session/54cf9e2e-7208-415a-89c2-b90ce375de01/elements[39m
[35m[HTTP][39m [90m{"using":"xpath","value":"(//*[@class = 'android.widget.TextView' and (@text = 'GRATIS' or . = 'GRATIS')])[1]"}[39m
[35m[HTTP][39m [37m<-- POST /wd/hub/session/54cf9e2e-7208-415a-89c2-b90ce375de01/elements [39m[32m200[39m [90m378 ms - 139[39m
[35m[HTTP][39m [90m[39m
[35m[HTTP][39m [37m-->[39m [37mGET[39m [37m/wd/hub/session/54cf9e2e-7208-415a-89c2-b90ce375de01/element/00000000-0000-0018-ffff-ffff0000154d/location[39m
[35m[HTTP][39m [90m{}[39m
[35m[W3C (54cf9e2e)][39m Driver proxy active, passing request on via HTTP proxy
[35m[WD Proxy][39m Replacing sessionId 41e5b905-343c-4cee-a88b-9aa7310c1f27 with 54cf9e2e-7208-415a-89c2-b90ce375de01
[35m[HTTP][39m [37m<-- GET /wd/hub/session/54cf9e2e-7208-415a-89c2-b90ce375de01/element/00000000-0000-0018-ffff-ffff0000154d/location [39m[32m200[39m [90m16 ms - 78[39m
[35m[HTTP][39m [90m[39m
[35m[HTTP][39m [37m-->[39m [37mGET[39m [37m/wd/hub/session/54cf9e2e-7208-415a-89c2-b90ce375de01/element/00000000-0000-0018-ffff-ffff0000154d/size[39m
[35m[HTTP][39m [90m{}[39m
[35m[W3C (54cf9e2e)][39m Driver proxy active, passing request on via HTTP proxy
[35m[WD Proxy][39m Replacing sessionId 41e5b905-343c-4cee-a88b-9aa7310c1f27 with 54cf9e2e-7208-415a-89c2-b90ce375de01
[35m[HTTP][39m [37m<-- GET /wd/hub/session/54cf9e2e-7208-415a-89c2-b90ce375de01/element/00000000-0000-0018-ffff-ffff0000154d/size [39m[32m200[39m [90m19 ms - 87[39m
[35m[HTTP][39m [90m[39m
[35m[HTTP][39m [37m-->[39m [37mDELETE[39m [37m/wd/hub/session/54cf9e2e-7208-415a-89c2-b90ce375de01[39m
[35m[HTTP][39m [90m{}[39m
[35m[Appium][39m Removing session 54cf9e2e-7208-415a-89c2-b90ce375de01 from our master session list
[35m[UiAutomator2][39m Did not get confirmation UiAutomator2 deleteSession worked; Error was: UnknownError: An unknown server-side error occurred while processing the command. Original error: 'DELETE /' cannot be proxied to UiAutomator2 server because the instrumentation process is not running (probably crashed). Check the server log and/or the logcat output for more details
[35m[UiAutomator2][39m Restoring hidden api policy to the device default configuration
[35m[HTTP][39m [37m<-- DELETE /wd/hub/session/54cf9e2e-7208-415a-89c2-b90ce375de01 [39m[32m200[39m [90m359 ms - 14[39m
[35m[HTTP][39m [90m[39m
