[35m[Appium][39m Welcome to Appium v1.22.3
[35m[Appium][39m Non-default server args:
[35m[Appium][39m   port: 57067
[35m[Appium][39m   loglevel: info
[35m[Appium][39m   tmpDir: C:\Users\Pruebas\AppData\Local\Temp\\Katalon\Appium\Temp1697902697766
[35m[Appium][39m   chromedriverPort: 57069
[35m[Appium][39m Deprecated server args:
[35m[Appium][39m   [31m--chromedriver-port[39m => --default-capabilities
[35m[Appium][39m Default capabilities, which will be added to each request unless overridden by desired capabilities:
[35m[Appium][39m   chromedriverPort: 57069
[35m[Appium][39m Appium REST http interface listener started on 0.0.0.0:57067
[35m[HTTP][39m [37m-->[39m [37mGET[39m [37m/wd/hub/status[39m
[35m[HTTP][39m [90m{}[39m
[35m[HTTP][39m [37m<-- GET /wd/hub/status [39m[32m200[39m [90m6 ms - 68[39m
[35m[HTTP][39m [90m[39m
[35m[HTTP][39m [37m-->[39m [37mPOST[39m [37m/wd/hub/session[39m
[35m[HTTP][39m [90m{"desiredCapabilities":{"app":"C:\\Users\\Pruebas\\Katalon Studio\\POC_KATALON_ANDROID_LACOMER\\Apks\\LaComer_14.9.1.apk","noReset":false,"deviceName":"emulator-5554 (sdk_gphone64_x86_64 - Android 12)","fullReset":true,"platform":"ANDROID","newCommandTimeout":1800,"platformVersion":"12","automationName":"uiautomator2","autoGrantPermissions":true,"platformName":"Android","udid":"emulator-5554","systemPort":57066},"capabilities":{"firstMatch":[{"appium:app":"C:\\Users\\Pruebas\\Katalon Studio\\POC_KATALON_ANDROID_LACOMER\\Apks\\LaComer_14.9.1.apk","appium:autoGrantPermissions":true,"appium:automationName":"uiautomator2","appium:deviceName":"emulator-5554 (sdk_gphone64_x86_64 - Android 12)","appium:fullReset":true,"appium:newCommandTimeout":1800,"appium:noReset":false,"platform":"ANDROID","platformName":"android","appium:platformVersion":"12","appium:systemPort":57066,"appium:udid":"emulator-5554"}]}}[39m
[35m[BaseDriver][39m The following capabilities are not standard capabilities and should have an extension prefix:
[35m[BaseDriver][39m   platform
[35m[BaseDriver][39m   chromedriverPort
[35m[Appium][39m Appium v1.22.3 creating new AndroidUiautomator2Driver (v1.70.1) session
[35m[BaseDriver][39m The following capabilities were provided, but are not recognized by Appium:
[35m[BaseDriver][39m   platform
[35m[BaseDriver][39m Session created with session id: b9e61d85-bb69-484c-bd73-0e49244b7715
[35m[BaseDriver][39m Using local app 'C:\Users\Pruebas\Katalon Studio\POC_KATALON_ANDROID_LACOMER\Apks\LaComer_14.9.1.apk'
[35m[ADB][39m Found 1 'build-tools' folders under 'C:\Users\Pruebas\.katalon\tools\android_sdk' (newest first):
[35m[ADB][39m     C:/Users/Pruebas/.katalon/tools/android_sdk/build-tools/29.0.3
[35m[ADB][39m Using 'adb.exe' from 'C:\Users\Pruebas\.katalon\tools\android_sdk\platform-tools\adb.exe'
[35m[AndroidDriver][39m Retrieving device list
[35m[AndroidDriver][39m Using device: emulator-5554
[35m[ADB][39m Using 'adb.exe' from 'C:\Users\Pruebas\.katalon\tools\android_sdk\platform-tools\adb.exe'
[35m[ADB][39m Getting device platform version
[35m[UiAutomator2][39m Relaxing hidden api policy
[35m[ADB][39m Package name: 'com.LaComerApp'
[35m[ADB][39m Main activity name: 'com.genexus.android.core.activities.StartupActivity'
[35m[ADB][39m Using 'apksigner.jar' from 'C:\Users\Pruebas\.katalon\tools\android_sdk\build-tools\29.0.3\lib\apksigner.jar'
[35m[ADB][39m 'C:\Users\Pruebas\AppData\Roaming\npm\node_modules\appium\node_modules\appium-uiautomator2-server\apks\appium-uiautomator2-server-v4.27.0.apk' is signed with the default certificate
[35m[UiAutomator2][39m Did not get confirmation UiAutomator2 deleteSession worked; Error was: UnknownError: An unknown server-side error occurred while processing the command. Original error: Trying to proxy a session command without session id
[35m[ADB][39m com.LaComerApp was successfully uninstalled
[35m[UiAutomator2][39m Unable to remove system port forward: Error executing adbExec. Original error: 'Command 'C:\\Users\\Pruebas\\.katalon\\tools\\android_sdk\\platform-tools\\adb.exe -P 5037 -s emulator-5554 forward --remove tcp\:57066' exited with code 1'; Command output: adb.exe: error: listener 'tcp:57066' not found
[35m[UiAutomator2][39m 
[35m[UiAutomator2][39m Restoring hidden api policy to the device default configuration
[35m[HTTP][39m [37m<-- POST /wd/hub/session [39m[31m500[39m [90m6265 ms - 1467[39m
[35m[HTTP][39m [90m[39m
[35m[HTTP][39m [37m-->[39m [37mGET[39m [37m/wd/hub/status[39m
[35m[HTTP][39m [90m{}[39m
[35m[HTTP][39m [37m<-- GET /wd/hub/status [39m[32m200[39m [90m1 ms - 68[39m
[35m[HTTP][39m [90m[39m
[35m[HTTP][39m [37m-->[39m [37mPOST[39m [37m/wd/hub/session[39m
[35m[HTTP][39m [90m{"desiredCapabilities":{"app":"C:\\Users\\Pruebas\\Katalon Studio\\POC_KATALON_ANDROID_LACOMER\\Apks\\LaComer_14.9.1.apk","noReset":false,"deviceName":"emulator-5554 (sdk_gphone64_x86_64 - Android 12)","fullReset":true,"platform":"ANDROID","newCommandTimeout":1800,"platformVersion":"12","automationName":"uiautomator2","autoGrantPermissions":true,"platformName":"Android","udid":"emulator-5554","systemPort":57223},"capabilities":{"firstMatch":[{"appium:app":"C:\\Users\\Pruebas\\Katalon Studio\\POC_KATALON_ANDROID_LACOMER\\Apks\\LaComer_14.9.1.apk","appium:autoGrantPermissions":true,"appium:automationName":"uiautomator2","appium:deviceName":"emulator-5554 (sdk_gphone64_x86_64 - Android 12)","appium:fullReset":true,"appium:newCommandTimeout":1800,"appium:noReset":false,"platform":"ANDROID","platformName":"android","appium:platformVersion":"12","appium:systemPort":57223,"appium:udid":"emulator-5554"}]}}[39m
[35m[BaseDriver][39m The following capabilities are not standard capabilities and should have an extension prefix:
[35m[BaseDriver][39m   platform
[35m[BaseDriver][39m   chromedriverPort
[35m[Appium][39m Appium v1.22.3 creating new AndroidUiautomator2Driver (v1.70.1) session
[35m[BaseDriver][39m The following capabilities were provided, but are not recognized by Appium:
[35m[BaseDriver][39m   platform
[35m[BaseDriver][39m Session created with session id: b0ded550-96b3-41da-92f2-2f6995e9bc23
[35m[BaseDriver][39m Using local app 'C:\Users\Pruebas\Katalon Studio\POC_KATALON_ANDROID_LACOMER\Apks\LaComer_14.9.1.apk'
[35m[ADB][39m Using 'adb.exe' from 'C:\Users\Pruebas\.katalon\tools\android_sdk\platform-tools\adb.exe'
[35m[AndroidDriver][39m Retrieving device list
[35m[AndroidDriver][39m Using device: emulator-5554
[35m[ADB][39m Using 'adb.exe' from 'C:\Users\Pruebas\.katalon\tools\android_sdk\platform-tools\adb.exe'
[35m[ADB][39m Getting device platform version
[35m[UiAutomator2][39m Relaxing hidden api policy
[35m[ADB][39m Package name: 'com.LaComerApp'
[35m[ADB][39m Main activity name: 'com.genexus.android.core.activities.StartupActivity'
[35m[ADB][39m Using 'apksigner.jar' from 'C:\Users\Pruebas\.katalon\tools\android_sdk\build-tools\29.0.3\lib\apksigner.jar'
[35m[ADB][39m 'C:\Users\Pruebas\AppData\Roaming\npm\node_modules\appium\node_modules\appium-uiautomator2-server\apks\appium-uiautomator2-server-debug-androidTest.apk' is signed with the default certificate
[35m[UiAutomator2][39m Server packages are not going to be (re)installed
[35m[ADB][39m Adding packages ["io.appium.settings","io.appium.uiautomator2.server","io.appium.uiautomator2.server.test"] to Doze whitelist
[35m[ADB][39m 'C:\Users\Pruebas\Katalon Studio\POC_KATALON_ANDROID_LACOMER\Apks\LaComer_14.9.1.apk' is signed with a non-default certificate
[35m[ADB][39m com.LaComerApp was not uninstalled, because it was not present on the device
[35m[ADB][39m The application at 'C:\Users\Pruebas\Katalon Studio\POC_KATALON_ANDROID_LACOMER\Apks\LaComer_14.9.1.apk' will not be cached, because the device under test has confirmed the support of streamed installs
[35m[HTTP][39m [37m<-- POST /wd/hub/session [39m[32m-[39m [90m- ms - -[39m
[35m[HTTP][39m [90m[39m
[35m[ADB][39m The installation of 'LaComer_14.9.1.apk' took 3152ms
[35m[UiAutomator2][39m Starting UIAutomator2 server 4.27.0
[35m[UiAutomator2][39m Using UIAutomator2 server from 'C:\Users\Pruebas\AppData\Roaming\npm\node_modules\appium\node_modules\appium-uiautomator2-server\apks\appium-uiautomator2-server-v4.27.0.apk' and test from 'C:\Users\Pruebas\AppData\Roaming\npm\node_modules\appium\node_modules\appium-uiautomator2-server\apks\appium-uiautomator2-server-debug-androidTest.apk'
[35m[UiAutomator2][39m Waiting up to 30000ms for UiAutomator2 to be online...
[35m[WD Proxy][39m socket hang up
[35m[WD Proxy][39m socket hang up
[35m[WD Proxy][39m Determined the downstream protocol as 'W3C'
[35m[AndroidDriver][39m Screen already unlocked, doing nothing
[35m[UiAutomator2][39m Starting 'com.LaComerApp/com.genexus.android.core.activities.StartupActivity and waiting for 'com.LaComerApp/com.genexus.android.core.activities.StartupActivity'
[35m[Appium][39m New AndroidUiautomator2Driver session created successfully, session b0ded550-96b3-41da-92f2-2f6995e9bc23 added to master session list
