[35m[Appium][39m Welcome to Appium v1.22.3
[35m[Appium][39m Non-default server args:
[35m[Appium][39m   port: 53378
[35m[Appium][39m   loglevel: info
[35m[Appium][39m   tmpDir: C:\Users\Pruebas\AppData\Local\Temp\\Katalon\Appium\Temp1697901927591
[35m[Appium][39m   chromedriverPort: 53379
[35m[Appium][39m Deprecated server args:
[35m[Appium][39m   [31m--chromedriver-port[39m => --default-capabilities
[35m[Appium][39m Default capabilities, which will be added to each request unless overridden by desired capabilities:
[35m[Appium][39m   chromedriverPort: 53379
[35m[Appium][39m Appium REST http interface listener started on 0.0.0.0:53378
[35m[HTTP][39m [37m-->[39m [37mGET[39m [37m/wd/hub/status[39m
[35m[HTTP][39m [90m{}[39m
[35m[HTTP][39m [37m<-- GET /wd/hub/status [39m[32m200[39m [90m7 ms - 68[39m
[35m[HTTP][39m [90m[39m
[35m[HTTP][39m [37m-->[39m [37mPOST[39m [37m/wd/hub/session[39m
[35m[HTTP][39m [90m{"desiredCapabilities":{"app":"C:\\Users\\Pruebas\\Katalon Studio\\POC_KATALON_ANDROID_LACOMER\\Apks\\LaComer_14.9.1.apk","noReset":false,"deviceName":"emulator-5554 (sdk_gphone64_x86_64 - Android 12)","fullReset":true,"platform":"ANDROID","newCommandTimeout":1800,"platformVersion":"12","automationName":"uiautomator2","autoGrantPermissions":true,"platformName":"Android","udid":"emulator-5554","systemPort":53377},"capabilities":{"firstMatch":[{"appium:app":"C:\\Users\\Pruebas\\Katalon Studio\\POC_KATALON_ANDROID_LACOMER\\Apks\\LaComer_14.9.1.apk","appium:autoGrantPermissions":true,"appium:automationName":"uiautomator2","appium:deviceName":"emulator-5554 (sdk_gphone64_x86_64 - Android 12)","appium:fullReset":true,"appium:newCommandTimeout":1800,"appium:noReset":false,"platform":"ANDROID","platformName":"android","appium:platformVersion":"12","appium:systemPort":53377,"appium:udid":"emulator-5554"}]}}[39m
[35m[BaseDriver][39m The following capabilities are not standard capabilities and should have an extension prefix:
[35m[BaseDriver][39m   platform
[35m[BaseDriver][39m   chromedriverPort
[35m[Appium][39m Appium v1.22.3 creating new AndroidUiautomator2Driver (v1.70.1) session
[35m[BaseDriver][39m The following capabilities were provided, but are not recognized by Appium:
[35m[BaseDriver][39m   platform
[35m[BaseDriver][39m Session created with session id: e480ee62-ceb8-4bfb-aacc-66f389f11da1
[35m[BaseDriver][39m Using local app 'C:\Users\Pruebas\Katalon Studio\POC_KATALON_ANDROID_LACOMER\Apks\LaComer_14.9.1.apk'
[35m[ADB][39m Found 1 'build-tools' folders under 'C:\Users\Pruebas\.katalon\tools\android_sdk' (newest first):
[35m[ADB][39m     C:/Users/Pruebas/.katalon/tools/android_sdk/build-tools/29.0.3
[35m[ADB][39m Using 'adb.exe' from 'C:\Users\Pruebas\.katalon\tools\android_sdk\platform-tools\adb.exe'
[35m[AndroidDriver][39m Retrieving device list
[35m[AndroidDriver][39m Using device: emulator-5554
[35m[ADB][39m Using 'adb.exe' from 'C:\Users\Pruebas\.katalon\tools\android_sdk\platform-tools\adb.exe'
[35m[ADB][39m Getting device platform version
[35m[UiAutomator2][39m Relaxing hidden api policy
[35m[ADB][39m Package name: 'com.LaComerApp'
[35m[ADB][39m Main activity name: 'com.genexus.android.core.activities.StartupActivity'
[35m[ADB][39m Using 'apksigner.jar' from 'C:\Users\Pruebas\.katalon\tools\android_sdk\build-tools\29.0.3\lib\apksigner.jar'
[35m[ADB][39m 'C:\Users\Pruebas\AppData\Roaming\npm\node_modules\appium\node_modules\appium-uiautomator2-server\apks\appium-uiautomator2-server-v4.27.0.apk' is signed with the default certificate
[35m[ADB][39m 'C:\Users\Pruebas\AppData\Roaming\npm\node_modules\appium\node_modules\appium-uiautomator2-server\apks\appium-uiautomator2-server-debug-androidTest.apk' is signed with the default certificate
[35m[UiAutomator2][39m Server packages are not going to be (re)installed
[35m[ADB][39m Adding packages ["io.appium.settings","io.appium.uiautomator2.server","io.appium.uiautomator2.server.test"] to Doze whitelist
[35m[ADB][39m 'C:\Users\Pruebas\Katalon Studio\POC_KATALON_ANDROID_LACOMER\Apks\LaComer_14.9.1.apk' is signed with a non-default certificate
[35m[ADB][39m com.LaComerApp was successfully uninstalled
[35m[ADB][39m The application at 'C:\Users\Pruebas\Katalon Studio\POC_KATALON_ANDROID_LACOMER\Apks\LaComer_14.9.1.apk' will not be cached, because the device under test has confirmed the support of streamed installs
[35m[ADB][39m The installation of 'LaComer_14.9.1.apk' took 5953ms
[35m[UiAutomator2][39m Starting UIAutomator2 server 4.27.0
[35m[UiAutomator2][39m Using UIAutomator2 server from 'C:\Users\Pruebas\AppData\Roaming\npm\node_modules\appium\node_modules\appium-uiautomator2-server\apks\appium-uiautomator2-server-v4.27.0.apk' and test from 'C:\Users\Pruebas\AppData\Roaming\npm\node_modules\appium\node_modules\appium-uiautomator2-server\apks\appium-uiautomator2-server-debug-androidTest.apk'
[35m[UiAutomator2][39m Waiting up to 30000ms for UiAutomator2 to be online...
[35m[WD Proxy][39m socket hang up
[35m[WD Proxy][39m socket hang up
[35m[WD Proxy][39m socket hang up
[35m[WD Proxy][39m Determined the downstream protocol as 'W3C'
[35m[AndroidDriver][39m Screen already unlocked, doing nothing
[35m[UiAutomator2][39m Starting 'com.LaComerApp/com.genexus.android.core.activities.StartupActivity and waiting for 'com.LaComerApp/com.genexus.android.core.activities.StartupActivity'
[35m[Appium][39m New AndroidUiautomator2Driver session created successfully, session e480ee62-ceb8-4bfb-aacc-66f389f11da1 added to master session list
[35m[HTTP][39m [37m<-- POST /wd/hub/session [39m[32m200[39m [90m21628 ms - 1364[39m
[35m[HTTP][39m [90m[39m
[35m[HTTP][39m [37m-->[39m [37mGET[39m [37m/wd/hub/session/e480ee62-ceb8-4bfb-aacc-66f389f11da1[39m
[35m[HTTP][39m [90m{}[39m
[35m[HTTP][39m [37m<-- GET /wd/hub/session/e480ee62-ceb8-4bfb-aacc-66f389f11da1 [39m[32m200[39m [90m19 ms - 1318[39m
[35m[HTTP][39m [90m[39m
[35m[HTTP][39m [37m-->[39m [37mGET[39m [37m/wd/hub/session/e480ee62-ceb8-4bfb-aacc-66f389f11da1[39m
[35m[HTTP][39m [90m{}[39m
[35m[HTTP][39m [37m<-- GET /wd/hub/session/e480ee62-ceb8-4bfb-aacc-66f389f11da1 [39m[32m200[39m [90m28 ms - 1318[39m
[35m[HTTP][39m [90m[39m
[35m[HTTP][39m [37m-->[39m [37mGET[39m [37m/wd/hub/status[39m
[35m[HTTP][39m [90m{}[39m
[35m[HTTP][39m [37m<-- GET /wd/hub/status [39m[32m200[39m [90m2 ms - 68[39m
[35m[HTTP][39m [90m[39m
[35m[HTTP][39m [37m-->[39m [37mPOST[39m [37m/wd/hub/session/e480ee62-ceb8-4bfb-aacc-66f389f11da1/timeouts[39m
[35m[HTTP][39m [90m{"implicit":30000}[39m
[35m[HTTP][39m [37m<-- POST /wd/hub/session/e480ee62-ceb8-4bfb-aacc-66f389f11da1/timeouts [39m[32m200[39m [90m4 ms - 14[39m
[35m[HTTP][39m [90m[39m
[35m[HTTP][39m [37m-->[39m [37mGET[39m [37m/wd/hub/session/e480ee62-ceb8-4bfb-aacc-66f389f11da1/screenshot[39m
[35m[HTTP][39m [90m{}[39m
[35m[HTTP][39m [37m<-- GET /wd/hub/session/e480ee62-ceb8-4bfb-aacc-66f389f11da1/screenshot [39m[32m200[39m [90m1746 ms - 2298144[39m
[35m[HTTP][39m [90m[39m
[35m[HTTP][39m [37m-->[39m [37mGET[39m [37m/wd/hub/session/e480ee62-ceb8-4bfb-aacc-66f389f11da1/window/rect[39m
[35m[HTTP][39m [90m{}[39m
[35m[HTTP][39m [37m<-- GET /wd/hub/session/e480ee62-ceb8-4bfb-aacc-66f389f11da1/window/rect [39m[32m200[39m [90m57 ms - 50[39m
[35m[HTTP][39m [90m[39m
[35m[HTTP][39m [37m-->[39m [37mGET[39m [37m/wd/hub/session/e480ee62-ceb8-4bfb-aacc-66f389f11da1/appium/device/system_bars[39m
[35m[HTTP][39m [90m{}[39m
[35m[HTTP][39m [37m<-- GET /wd/hub/session/e480ee62-ceb8-4bfb-aacc-66f389f11da1/appium/device/system_bars [39m[32m200[39m [90m168 ms - 145[39m
[35m[HTTP][39m [90m[39m
[35m[HTTP][39m [37m-->[39m [37mPOST[39m [37m/wd/hub/session/e480ee62-ceb8-4bfb-aacc-66f389f11da1/timeouts[39m
[35m[HTTP][39m [90m{"implicit":50}[39m
[35m[HTTP][39m [37m<-- POST /wd/hub/session/e480ee62-ceb8-4bfb-aacc-66f389f11da1/timeouts [39m[32m200[39m [90m5 ms - 14[39m
[35m[HTTP][39m [90m[39m
[35m[HTTP][39m [37m-->[39m [37mGET[39m [37m/wd/hub/session/e480ee62-ceb8-4bfb-aacc-66f389f11da1/window/rect[39m
[35m[HTTP][39m [90m{}[39m
[35m[HTTP][39m [37m<-- GET /wd/hub/session/e480ee62-ceb8-4bfb-aacc-66f389f11da1/window/rect [39m[32m200[39m [90m19 ms - 50[39m
[35m[HTTP][39m [90m[39m
[35m[HTTP][39m [37m-->[39m [37mPOST[39m [37m/wd/hub/session/e480ee62-ceb8-4bfb-aacc-66f389f11da1/elements[39m
[35m[HTTP][39m [90m{"using":"xpath","value":"//*[@class = 'android.widget.TextView' and (@text = 'Omitir' or . = 'Omitir')]"}[39m
[35m[HTTP][39m [37m<-- POST /wd/hub/session/e480ee62-ceb8-4bfb-aacc-66f389f11da1/elements [39m[32m200[39m [90m586 ms - 12[39m
[35m[HTTP][39m [90m[39m
[35m[HTTP][39m [37m-->[39m [37mPOST[39m [37m/wd/hub/session/e480ee62-ceb8-4bfb-aacc-66f389f11da1/elements[39m
[35m[HTTP][39m [90m{"using":"xpath","value":"//*[@class = 'android.widget.TextView' and (@text = 'Omitir' or . = 'Omitir')]"}[39m
[35m[HTTP][39m [37m<-- POST /wd/hub/session/e480ee62-ceb8-4bfb-aacc-66f389f11da1/elements [39m[32m200[39m [90m69 ms - 12[39m
[35m[HTTP][39m [90m[39m
[35m[HTTP][39m [37m-->[39m [37mPOST[39m [37m/wd/hub/session/e480ee62-ceb8-4bfb-aacc-66f389f11da1/elements[39m
[35m[HTTP][39m [90m{"using":"xpath","value":"//*[@class = 'android.widget.TextView' and (@text = 'Omitir' or . = 'Omitir')]"}[39m
[35m[HTTP][39m [37m<-- POST /wd/hub/session/e480ee62-ceb8-4bfb-aacc-66f389f11da1/elements [39m[32m200[39m [90m103 ms - 12[39m
[35m[HTTP][39m [90m[39m
[35m[HTTP][39m [37m-->[39m [37mPOST[39m [37m/wd/hub/session/e480ee62-ceb8-4bfb-aacc-66f389f11da1/elements[39m
[35m[HTTP][39m [90m{"using":"xpath","value":"//*[@class = 'android.widget.TextView' and (@text = 'Omitir' or . = 'Omitir')]"}[39m
[35m[HTTP][39m [37m<-- POST /wd/hub/session/e480ee62-ceb8-4bfb-aacc-66f389f11da1/elements [39m[32m200[39m [90m86 ms - 12[39m
[35m[HTTP][39m [90m[39m
[35m[HTTP][39m [37m-->[39m [37mPOST[39m [37m/wd/hub/session/e480ee62-ceb8-4bfb-aacc-66f389f11da1/elements[39m
[35m[HTTP][39m [90m{"using":"xpath","value":"//*[@class = 'android.widget.TextView' and (@text = 'Omitir' or . = 'Omitir')]"}[39m
[35m[HTTP][39m [37m<-- POST /wd/hub/session/e480ee62-ceb8-4bfb-aacc-66f389f11da1/elements [39m[32m200[39m [90m136 ms - 12[39m
[35m[HTTP][39m [90m[39m
[35m[HTTP][39m [37m-->[39m [37mPOST[39m [37m/wd/hub/session/e480ee62-ceb8-4bfb-aacc-66f389f11da1/elements[39m
[35m[HTTP][39m [90m{"using":"xpath","value":"//*[@class = 'android.widget.TextView' and (@text = 'Omitir' or . = 'Omitir')]"}[39m
[35m[HTTP][39m [37m<-- POST /wd/hub/session/e480ee62-ceb8-4bfb-aacc-66f389f11da1/elements [39m[32m200[39m [90m91 ms - 12[39m
[35m[HTTP][39m [90m[39m
[35m[HTTP][39m [37m-->[39m [37mPOST[39m [37m/wd/hub/session/e480ee62-ceb8-4bfb-aacc-66f389f11da1/elements[39m
[35m[HTTP][39m [90m{"using":"xpath","value":"//*[@class = 'android.widget.TextView' and (@text = 'Omitir' or . = 'Omitir')]"}[39m
[35m[HTTP][39m [37m<-- POST /wd/hub/session/e480ee62-ceb8-4bfb-aacc-66f389f11da1/elements [39m[32m200[39m [90m88 ms - 12[39m
[35m[HTTP][39m [90m[39m
[35m[HTTP][39m [37m-->[39m [37mPOST[39m [37m/wd/hub/session/e480ee62-ceb8-4bfb-aacc-66f389f11da1/elements[39m
[35m[HTTP][39m [90m{"using":"xpath","value":"//*[@class = 'android.widget.TextView' and (@text = 'Omitir' or . = 'Omitir')]"}[39m
[35m[HTTP][39m [37m<-- POST /wd/hub/session/e480ee62-ceb8-4bfb-aacc-66f389f11da1/elements [39m[32m200[39m [90m92 ms - 12[39m
[35m[HTTP][39m [90m[39m
[35m[HTTP][39m [37m-->[39m [37mPOST[39m [37m/wd/hub/session/e480ee62-ceb8-4bfb-aacc-66f389f11da1/elements[39m
[35m[HTTP][39m [90m{"using":"xpath","value":"//*[@class = 'android.widget.TextView' and (@text = 'Omitir' or . = 'Omitir')]"}[39m
[35m[HTTP][39m [37m<-- POST /wd/hub/session/e480ee62-ceb8-4bfb-aacc-66f389f11da1/elements [39m[32m200[39m [90m79 ms - 12[39m
[35m[HTTP][39m [90m[39m
[35m[HTTP][39m [37m-->[39m [37mPOST[39m [37m/wd/hub/session/e480ee62-ceb8-4bfb-aacc-66f389f11da1/elements[39m
[35m[HTTP][39m [90m{"using":"xpath","value":"//*[@class = 'android.widget.TextView' and (@text = 'Omitir' or . = 'Omitir')]"}[39m
[35m[HTTP][39m [37m<-- POST /wd/hub/session/e480ee62-ceb8-4bfb-aacc-66f389f11da1/elements [39m[32m200[39m [90m89 ms - 12[39m
[35m[HTTP][39m [90m[39m
[35m[HTTP][39m [37m-->[39m [37mPOST[39m [37m/wd/hub/session/e480ee62-ceb8-4bfb-aacc-66f389f11da1/elements[39m
[35m[HTTP][39m [90m{"using":"xpath","value":"//*[@class = 'android.widget.TextView' and (@text = 'Omitir' or . = 'Omitir')]"}[39m
[35m[HTTP][39m [37m<-- POST /wd/hub/session/e480ee62-ceb8-4bfb-aacc-66f389f11da1/elements [39m[32m200[39m [90m184 ms - 12[39m
[35m[HTTP][39m [90m[39m
[35m[HTTP][39m [37m-->[39m [37mPOST[39m [37m/wd/hub/session/e480ee62-ceb8-4bfb-aacc-66f389f11da1/elements[39m
[35m[HTTP][39m [90m{"using":"xpath","value":"//*[@class = 'android.widget.TextView' and (@text = 'Omitir' or . = 'Omitir')]"}[39m
[35m[HTTP][39m [37m<-- POST /wd/hub/session/e480ee62-ceb8-4bfb-aacc-66f389f11da1/elements [39m[32m200[39m [90m560 ms - 12[39m
[35m[HTTP][39m [90m[39m
[35m[HTTP][39m [37m-->[39m [37mPOST[39m [37m/wd/hub/session/e480ee62-ceb8-4bfb-aacc-66f389f11da1/elements[39m
[35m[HTTP][39m [90m{"using":"xpath","value":"//*[@class = 'android.widget.TextView' and (@text = 'Omitir' or . = 'Omitir')]"}[39m
[35m[HTTP][39m [37m<-- POST /wd/hub/session/e480ee62-ceb8-4bfb-aacc-66f389f11da1/elements [39m[32m200[39m [90m84 ms - 12[39m
[35m[HTTP][39m [90m[39m
[35m[HTTP][39m [37m-->[39m [37mPOST[39m [37m/wd/hub/session/e480ee62-ceb8-4bfb-aacc-66f389f11da1/elements[39m
[35m[HTTP][39m [90m{"using":"xpath","value":"//*[@class = 'android.widget.TextView' and (@text = 'Omitir' or . = 'Omitir')]"}[39m
[35m[HTTP][39m [37m<-- POST /wd/hub/session/e480ee62-ceb8-4bfb-aacc-66f389f11da1/elements [39m[32m200[39m [90m63 ms - 12[39m
[35m[HTTP][39m [90m[39m
[35m[HTTP][39m [37m-->[39m [37mPOST[39m [37m/wd/hub/session/e480ee62-ceb8-4bfb-aacc-66f389f11da1/elements[39m
[35m[HTTP][39m [90m{"using":"xpath","value":"//*[@class = 'android.widget.TextView' and (@text = 'Omitir' or . = 'Omitir')]"}[39m
[35m[HTTP][39m [37m<-- POST /wd/hub/session/e480ee62-ceb8-4bfb-aacc-66f389f11da1/elements [39m[32m200[39m [90m81 ms - 12[39m
[35m[HTTP][39m [90m[39m
[35m[HTTP][39m [37m-->[39m [37mPOST[39m [37m/wd/hub/session/e480ee62-ceb8-4bfb-aacc-66f389f11da1/elements[39m
[35m[HTTP][39m [90m{"using":"xpath","value":"//*[@class = 'android.widget.TextView' and (@text = 'Omitir' or . = 'Omitir')]"}[39m
[35m[HTTP][39m [37m<-- POST /wd/hub/session/e480ee62-ceb8-4bfb-aacc-66f389f11da1/elements [39m[32m200[39m [90m78 ms - 12[39m
[35m[HTTP][39m [90m[39m
[35m[HTTP][39m [37m-->[39m [37mPOST[39m [37m/wd/hub/session/e480ee62-ceb8-4bfb-aacc-66f389f11da1/elements[39m
[35m[HTTP][39m [90m{"using":"xpath","value":"//*[@class = 'android.widget.TextView' and (@text = 'Omitir' or . = 'Omitir')]"}[39m
[35m[HTTP][39m [37m<-- POST /wd/hub/session/e480ee62-ceb8-4bfb-aacc-66f389f11da1/elements [39m[32m200[39m [90m93 ms - 12[39m
[35m[HTTP][39m [90m[39m
[35m[HTTP][39m [37m-->[39m [37mPOST[39m [37m/wd/hub/session/e480ee62-ceb8-4bfb-aacc-66f389f11da1/elements[39m
[35m[HTTP][39m [90m{"using":"xpath","value":"//*[@class = 'android.widget.TextView' and (@text = 'Omitir' or . = 'Omitir')]"}[39m
[35m[HTTP][39m [37m<-- POST /wd/hub/session/e480ee62-ceb8-4bfb-aacc-66f389f11da1/elements [39m[32m200[39m [90m71 ms - 12[39m
[35m[HTTP][39m [90m[39m
[35m[HTTP][39m [37m-->[39m [37mPOST[39m [37m/wd/hub/session/e480ee62-ceb8-4bfb-aacc-66f389f11da1/elements[39m
[35m[HTTP][39m [90m{"using":"xpath","value":"//*[@class = 'android.widget.TextView' and (@text = 'Omitir' or . = 'Omitir')]"}[39m
[35m[HTTP][39m [37m<-- POST /wd/hub/session/e480ee62-ceb8-4bfb-aacc-66f389f11da1/elements [39m[32m200[39m [90m113 ms - 12[39m
[35m[HTTP][39m [90m[39m
[35m[HTTP][39m [37m-->[39m [37mPOST[39m [37m/wd/hub/session/e480ee62-ceb8-4bfb-aacc-66f389f11da1/elements[39m
[35m[HTTP][39m [90m{"using":"xpath","value":"//*[@class = 'android.widget.TextView' and (@text = 'Omitir' or . = 'Omitir')]"}[39m
[35m[HTTP][39m [37m<-- POST /wd/hub/session/e480ee62-ceb8-4bfb-aacc-66f389f11da1/elements [39m[32m200[39m [90m127 ms - 12[39m
[35m[HTTP][39m [90m[39m
[35m[HTTP][39m [37m-->[39m [37mPOST[39m [37m/wd/hub/session/e480ee62-ceb8-4bfb-aacc-66f389f11da1/elements[39m
[35m[HTTP][39m [90m{"using":"xpath","value":"//*[@class = 'android.widget.TextView' and (@text = 'Omitir' or . = 'Omitir')]"}[39m
[35m[HTTP][39m [37m<-- POST /wd/hub/session/e480ee62-ceb8-4bfb-aacc-66f389f11da1/elements [39m[32m200[39m [90m109 ms - 12[39m
[35m[HTTP][39m [90m[39m
[35m[HTTP][39m [37m-->[39m [37mPOST[39m [37m/wd/hub/session/e480ee62-ceb8-4bfb-aacc-66f389f11da1/elements[39m
[35m[HTTP][39m [90m{"using":"xpath","value":"//*[@class = 'android.widget.TextView' and (@text = 'Omitir' or . = 'Omitir')]"}[39m
[35m[HTTP][39m [37m<-- POST /wd/hub/session/e480ee62-ceb8-4bfb-aacc-66f389f11da1/elements [39m[32m200[39m [90m124 ms - 12[39m
[35m[HTTP][39m [90m[39m
[35m[HTTP][39m [37m-->[39m [37mPOST[39m [37m/wd/hub/session/e480ee62-ceb8-4bfb-aacc-66f389f11da1/elements[39m
[35m[HTTP][39m [90m{"using":"xpath","value":"//*[@class = 'android.widget.TextView' and (@text = 'Omitir' or . = 'Omitir')]"}[39m
[35m[HTTP][39m [37m<-- POST /wd/hub/session/e480ee62-ceb8-4bfb-aacc-66f389f11da1/elements [39m[32m200[39m [90m128 ms - 12[39m
[35m[HTTP][39m [90m[39m
[35m[HTTP][39m [37m-->[39m [37mPOST[39m [37m/wd/hub/session/e480ee62-ceb8-4bfb-aacc-66f389f11da1/elements[39m
[35m[HTTP][39m [90m{"using":"xpath","value":"//*[@class = 'android.widget.TextView' and (@text = 'Omitir' or . = 'Omitir')]"}[39m
[35m[HTTP][39m [37m<-- POST /wd/hub/session/e480ee62-ceb8-4bfb-aacc-66f389f11da1/elements [39m[32m200[39m [90m97 ms - 12[39m
[35m[HTTP][39m [90m[39m
[35m[HTTP][39m [37m-->[39m [37mPOST[39m [37m/wd/hub/session/e480ee62-ceb8-4bfb-aacc-66f389f11da1/elements[39m
[35m[HTTP][39m [90m{"using":"xpath","value":"//*[@class = 'android.widget.TextView' and (@text = 'Omitir' or . = 'Omitir')]"}[39m
[35m[HTTP][39m [37m<-- POST /wd/hub/session/e480ee62-ceb8-4bfb-aacc-66f389f11da1/elements [39m[32m200[39m [90m80 ms - 12[39m
[35m[HTTP][39m [90m[39m
[35m[HTTP][39m [37m-->[39m [37mPOST[39m [37m/wd/hub/session/e480ee62-ceb8-4bfb-aacc-66f389f11da1/elements[39m
[35m[HTTP][39m [90m{"using":"xpath","value":"//*[@class = 'android.widget.TextView' and (@text = 'Omitir' or . = 'Omitir')]"}[39m
[35m[HTTP][39m [37m<-- POST /wd/hub/session/e480ee62-ceb8-4bfb-aacc-66f389f11da1/elements [39m[32m200[39m [90m72 ms - 12[39m
[35m[HTTP][39m [90m[39m
[35m[HTTP][39m [37m-->[39m [37mPOST[39m [37m/wd/hub/session/e480ee62-ceb8-4bfb-aacc-66f389f11da1/elements[39m
[35m[HTTP][39m [90m{"using":"xpath","value":"//*[@class = 'android.widget.TextView' and (@text = 'Omitir' or . = 'Omitir')]"}[39m
[35m[HTTP][39m [37m<-- POST /wd/hub/session/e480ee62-ceb8-4bfb-aacc-66f389f11da1/elements [39m[32m200[39m [90m76 ms - 12[39m
[35m[HTTP][39m [90m[39m
[35m[HTTP][39m [37m-->[39m [37mPOST[39m [37m/wd/hub/session/e480ee62-ceb8-4bfb-aacc-66f389f11da1/elements[39m
[35m[HTTP][39m [90m{"using":"xpath","value":"//*[@class = 'android.widget.TextView' and (@text = 'Omitir' or . = 'Omitir')]"}[39m
[35m[HTTP][39m [37m<-- POST /wd/hub/session/e480ee62-ceb8-4bfb-aacc-66f389f11da1/elements [39m[32m200[39m [90m72 ms - 12[39m
[35m[HTTP][39m [90m[39m
[35m[HTTP][39m [37m-->[39m [37mPOST[39m [37m/wd/hub/session/e480ee62-ceb8-4bfb-aacc-66f389f11da1/elements[39m
[35m[HTTP][39m [90m{"using":"xpath","value":"//*[@class = 'android.widget.TextView' and (@text = 'Omitir' or . = 'Omitir')]"}[39m
[35m[HTTP][39m [37m<-- POST /wd/hub/session/e480ee62-ceb8-4bfb-aacc-66f389f11da1/elements [39m[32m200[39m [90m87 ms - 12[39m
[35m[HTTP][39m [90m[39m
[35m[HTTP][39m [37m-->[39m [37mPOST[39m [37m/wd/hub/session/e480ee62-ceb8-4bfb-aacc-66f389f11da1/elements[39m
[35m[HTTP][39m [90m{"using":"xpath","value":"//*[@class = 'android.widget.TextView' and (@text = 'Omitir' or . = 'Omitir')]"}[39m
[35m[HTTP][39m [37m<-- POST /wd/hub/session/e480ee62-ceb8-4bfb-aacc-66f389f11da1/elements [39m[32m200[39m [90m62 ms - 12[39m
[35m[HTTP][39m [90m[39m
[35m[HTTP][39m [37m-->[39m [37mPOST[39m [37m/wd/hub/session/e480ee62-ceb8-4bfb-aacc-66f389f11da1/elements[39m
[35m[HTTP][39m [90m{"using":"xpath","value":"//*[@class = 'android.widget.TextView' and (@text = 'Omitir' or . = 'Omitir')]"}[39m
[35m[HTTP][39m [37m<-- POST /wd/hub/session/e480ee62-ceb8-4bfb-aacc-66f389f11da1/elements [39m[32m200[39m [90m113 ms - 12[39m
[35m[HTTP][39m [90m[39m
[35m[HTTP][39m [37m-->[39m [37mPOST[39m [37m/wd/hub/session/e480ee62-ceb8-4bfb-aacc-66f389f11da1/elements[39m
[35m[HTTP][39m [90m{"using":"xpath","value":"//*[@class = 'android.widget.TextView' and (@text = 'Omitir' or . = 'Omitir')]"}[39m
[35m[HTTP][39m [37m<-- POST /wd/hub/session/e480ee62-ceb8-4bfb-aacc-66f389f11da1/elements [39m[32m200[39m [90m101 ms - 12[39m
[35m[HTTP][39m [90m[39m
[35m[HTTP][39m [37m-->[39m [37mPOST[39m [37m/wd/hub/session/e480ee62-ceb8-4bfb-aacc-66f389f11da1/elements[39m
[35m[HTTP][39m [90m{"using":"xpath","value":"//*[@class = 'android.widget.TextView' and (@text = 'Omitir' or . = 'Omitir')]"}[39m
[35m[HTTP][39m [37m<-- POST /wd/hub/session/e480ee62-ceb8-4bfb-aacc-66f389f11da1/elements [39m[32m200[39m [90m93 ms - 12[39m
[35m[HTTP][39m [90m[39m
[35m[HTTP][39m [37m-->[39m [37mPOST[39m [37m/wd/hub/session/e480ee62-ceb8-4bfb-aacc-66f389f11da1/elements[39m
[35m[HTTP][39m [90m{"using":"xpath","value":"//*[@class = 'android.widget.TextView' and (@text = 'Omitir' or . = 'Omitir')]"}[39m
[35m[HTTP][39m [37m<-- POST /wd/hub/session/e480ee62-ceb8-4bfb-aacc-66f389f11da1/elements [39m[32m200[39m [90m74 ms - 12[39m
[35m[HTTP][39m [90m[39m
[35m[HTTP][39m [37m-->[39m [37mPOST[39m [37m/wd/hub/session/e480ee62-ceb8-4bfb-aacc-66f389f11da1/elements[39m
[35m[HTTP][39m [90m{"using":"xpath","value":"//*[@class = 'android.widget.TextView' and (@text = 'Omitir' or . = 'Omitir')]"}[39m
[35m[HTTP][39m [37m<-- POST /wd/hub/session/e480ee62-ceb8-4bfb-aacc-66f389f11da1/elements [39m[32m200[39m [90m77 ms - 12[39m
[35m[HTTP][39m [90m[39m
[35m[HTTP][39m [37m-->[39m [37mPOST[39m [37m/wd/hub/session/e480ee62-ceb8-4bfb-aacc-66f389f11da1/elements[39m
[35m[HTTP][39m [90m{"using":"xpath","value":"//*[@class = 'android.widget.TextView' and (@text = 'Omitir' or . = 'Omitir')]"}[39m
[35m[HTTP][39m [37m<-- POST /wd/hub/session/e480ee62-ceb8-4bfb-aacc-66f389f11da1/elements [39m[32m200[39m [90m86 ms - 12[39m
[35m[HTTP][39m [90m[39m
[35m[HTTP][39m [37m-->[39m [37mPOST[39m [37m/wd/hub/session/e480ee62-ceb8-4bfb-aacc-66f389f11da1/elements[39m
[35m[HTTP][39m [90m{"using":"xpath","value":"//*[@class = 'android.widget.TextView' and (@text = 'Omitir' or . = 'Omitir')]"}[39m
[35m[HTTP][39m [37m<-- POST /wd/hub/session/e480ee62-ceb8-4bfb-aacc-66f389f11da1/elements [39m[32m200[39m [90m91 ms - 12[39m
[35m[HTTP][39m [90m[39m
[35m[HTTP][39m [37m-->[39m [37mPOST[39m [37m/wd/hub/session/e480ee62-ceb8-4bfb-aacc-66f389f11da1/elements[39m
[35m[HTTP][39m [90m{"using":"xpath","value":"//*[@class = 'android.widget.TextView' and (@text = 'Omitir' or . = 'Omitir')]"}[39m
[35m[HTTP][39m [37m<-- POST /wd/hub/session/e480ee62-ceb8-4bfb-aacc-66f389f11da1/elements [39m[32m200[39m [90m87 ms - 12[39m
[35m[HTTP][39m [90m[39m
[35m[HTTP][39m [37m-->[39m [37mPOST[39m [37m/wd/hub/session/e480ee62-ceb8-4bfb-aacc-66f389f11da1/elements[39m
[35m[HTTP][39m [90m{"using":"xpath","value":"//*[@class = 'android.widget.TextView' and (@text = 'Omitir' or . = 'Omitir')]"}[39m
[35m[HTTP][39m [37m<-- POST /wd/hub/session/e480ee62-ceb8-4bfb-aacc-66f389f11da1/elements [39m[32m200[39m [90m90 ms - 12[39m
[35m[HTTP][39m [90m[39m
[35m[HTTP][39m [37m-->[39m [37mPOST[39m [37m/wd/hub/session/e480ee62-ceb8-4bfb-aacc-66f389f11da1/elements[39m
[35m[HTTP][39m [90m{"using":"xpath","value":"//*[@class = 'android.widget.TextView' and (@text = 'Omitir' or . = 'Omitir')]"}[39m
[35m[HTTP][39m [37m<-- POST /wd/hub/session/e480ee62-ceb8-4bfb-aacc-66f389f11da1/elements [39m[32m200[39m [90m88 ms - 12[39m
[35m[HTTP][39m [90m[39m
[35m[HTTP][39m [37m-->[39m [37mPOST[39m [37m/wd/hub/session/e480ee62-ceb8-4bfb-aacc-66f389f11da1/elements[39m
[35m[HTTP][39m [90m{"using":"xpath","value":"//*[@class = 'android.widget.TextView' and (@text = 'Omitir' or . = 'Omitir')]"}[39m
[35m[HTTP][39m [37m<-- POST /wd/hub/session/e480ee62-ceb8-4bfb-aacc-66f389f11da1/elements [39m[32m200[39m [90m83 ms - 12[39m
[35m[HTTP][39m [90m[39m
[35m[HTTP][39m [37m-->[39m [37mPOST[39m [37m/wd/hub/session/e480ee62-ceb8-4bfb-aacc-66f389f11da1/elements[39m
[35m[HTTP][39m [90m{"using":"xpath","value":"//*[@class = 'android.widget.TextView' and (@text = 'Omitir' or . = 'Omitir')]"}[39m
[35m[HTTP][39m [37m<-- POST /wd/hub/session/e480ee62-ceb8-4bfb-aacc-66f389f11da1/elements [39m[32m200[39m [90m72 ms - 12[39m
[35m[HTTP][39m [90m[39m
[35m[HTTP][39m [37m-->[39m [37mPOST[39m [37m/wd/hub/session/e480ee62-ceb8-4bfb-aacc-66f389f11da1/elements[39m
[35m[HTTP][39m [90m{"using":"xpath","value":"//*[@class = 'android.widget.TextView' and (@text = 'Omitir' or . = 'Omitir')]"}[39m
[35m[HTTP][39m [37m<-- POST /wd/hub/session/e480ee62-ceb8-4bfb-aacc-66f389f11da1/elements [39m[32m200[39m [90m122 ms - 12[39m
[35m[HTTP][39m [90m[39m
[35m[HTTP][39m [37m-->[39m [37mPOST[39m [37m/wd/hub/session/e480ee62-ceb8-4bfb-aacc-66f389f11da1/elements[39m
[35m[HTTP][39m [90m{"using":"xpath","value":"//*[@class = 'android.widget.TextView' and (@text = 'Omitir' or . = 'Omitir')]"}[39m
[35m[HTTP][39m [37m<-- POST /wd/hub/session/e480ee62-ceb8-4bfb-aacc-66f389f11da1/elements [39m[32m200[39m [90m93 ms - 12[39m
[35m[HTTP][39m [90m[39m
[35m[HTTP][39m [37m-->[39m [37mPOST[39m [37m/wd/hub/session/e480ee62-ceb8-4bfb-aacc-66f389f11da1/elements[39m
[35m[HTTP][39m [90m{"using":"xpath","value":"//*[@class = 'android.widget.TextView' and (@text = 'Omitir' or . = 'Omitir')]"}[39m
[35m[HTTP][39m [37m<-- POST /wd/hub/session/e480ee62-ceb8-4bfb-aacc-66f389f11da1/elements [39m[32m200[39m [90m101 ms - 12[39m
[35m[HTTP][39m [90m[39m
[35m[HTTP][39m [37m-->[39m [37mPOST[39m [37m/wd/hub/session/e480ee62-ceb8-4bfb-aacc-66f389f11da1/elements[39m
[35m[HTTP][39m [90m{"using":"xpath","value":"//*[@class = 'android.widget.TextView' and (@text = 'Omitir' or . = 'Omitir')]"}[39m
[35m[HTTP][39m [37m<-- POST /wd/hub/session/e480ee62-ceb8-4bfb-aacc-66f389f11da1/elements [39m[32m200[39m [90m107 ms - 12[39m
[35m[HTTP][39m [90m[39m
[35m[HTTP][39m [37m-->[39m [37mPOST[39m [37m/wd/hub/session/e480ee62-ceb8-4bfb-aacc-66f389f11da1/elements[39m
[35m[HTTP][39m [90m{"using":"xpath","value":"//*[@class = 'android.widget.TextView' and (@text = 'Omitir' or . = 'Omitir')]"}[39m
[35m[HTTP][39m [37m<-- POST /wd/hub/session/e480ee62-ceb8-4bfb-aacc-66f389f11da1/elements [39m[32m200[39m [90m64 ms - 12[39m
[35m[HTTP][39m [90m[39m
[35m[HTTP][39m [37m-->[39m [37mPOST[39m [37m/wd/hub/session/e480ee62-ceb8-4bfb-aacc-66f389f11da1/elements[39m
[35m[HTTP][39m [90m{"using":"xpath","value":"//*[@class = 'android.widget.TextView' and (@text = 'Omitir' or . = 'Omitir')]"}[39m
[35m[HTTP][39m [37m<-- POST /wd/hub/session/e480ee62-ceb8-4bfb-aacc-66f389f11da1/elements [39m[32m200[39m [90m96 ms - 12[39m
[35m[HTTP][39m [90m[39m
[35m[HTTP][39m [37m-->[39m [37mPOST[39m [37m/wd/hub/session/e480ee62-ceb8-4bfb-aacc-66f389f11da1/elements[39m
[35m[HTTP][39m [90m{"using":"xpath","value":"//*[@class = 'android.widget.TextView' and (@text = 'Omitir' or . = 'Omitir')]"}[39m
[35m[HTTP][39m [37m<-- POST /wd/hub/session/e480ee62-ceb8-4bfb-aacc-66f389f11da1/elements [39m[32m200[39m [90m76 ms - 12[39m
[35m[HTTP][39m [90m[39m
[35m[HTTP][39m [37m-->[39m [37mPOST[39m [37m/wd/hub/session/e480ee62-ceb8-4bfb-aacc-66f389f11da1/elements[39m
[35m[HTTP][39m [90m{"using":"xpath","value":"//*[@class = 'android.widget.TextView' and (@text = 'Omitir' or . = 'Omitir')]"}[39m
[35m[HTTP][39m [37m<-- POST /wd/hub/session/e480ee62-ceb8-4bfb-aacc-66f389f11da1/elements [39m[32m200[39m [90m65 ms - 12[39m
[35m[HTTP][39m [90m[39m
[35m[HTTP][39m [37m-->[39m [37mPOST[39m [37m/wd/hub/session/e480ee62-ceb8-4bfb-aacc-66f389f11da1/elements[39m
[35m[HTTP][39m [90m{"using":"xpath","value":"//*[@class = 'android.widget.TextView' and (@text = 'Omitir' or . = 'Omitir')]"}[39m
[35m[HTTP][39m [37m<-- POST /wd/hub/session/e480ee62-ceb8-4bfb-aacc-66f389f11da1/elements [39m[32m200[39m [90m147 ms - 12[39m
[35m[HTTP][39m [90m[39m
[35m[HTTP][39m [37m-->[39m [37mPOST[39m [37m/wd/hub/session/e480ee62-ceb8-4bfb-aacc-66f389f11da1/elements[39m
[35m[HTTP][39m [90m{"using":"xpath","value":"//*[@class = 'android.widget.TextView' and (@text = 'Omitir' or . = 'Omitir')]"}[39m
